gEDA/gsymcheck version 1.4.0.20080127
gEDA/symcheck comes with ABSOLUTELY NO WARRANTY; see COPYING for more details.
This is free software, and you are welcome to redistribute it under certain
conditions; please see the COPYING file for more details.

Read system-gafrc file [/etc/gEDA/system-gafrc]
Did not find optional ~/.gEDA/gafrc file [/home/ram/.gEDA/gafrc]
Did not find optional local gafrc file [/home/ram/git/friata/sym/gafrc]
Read system-gsymcheckrc file [/etc/gEDA/system-gsymcheckrc]
Did not find optional ~/.gEDA/gsymcheckrc file [/home/ram/.gEDA/gsymcheckrc]
Did not find optional local gsymcheckrc file [/home/ram/git/friata/sym/gsymcheckrc]
Did not find specified gafrc file [/home/ram/git/friata/sym/gafrc]
Loaded file [/home/ram/git/friata/sym/1V8-plus.sym]

Checking: /home/ram/git/friata/sym/1V8-plus.sym
Warning: Missing pinlabel= attribute
Warning: Missing footprint= attribute
Warning: Missing refdes= attribute
Warning: Did not find numslots= attribute, not checking slotting
ERROR: Missing device= attribute
ERROR: Found duplicate pinnumber=1 attribute in the symbol
ERROR: Found duplicate pinnumber=1 attribute in the symbol
4 warnings found 
3 ERRORS found 

