gEDA/gschem version 1.4.0.20080127
gEDA/gschem comes with ABSOLUTELY NO WARRANTY; see COPYING for more details.
This is free software, and you are welcome to redistribute it under certain
conditions; please see the COPYING file for more details.

Read system-gafrc file [/etc/gEDA/system-gafrc]
Did not find optional ~/.gEDA/gafrc file [/home/ram/.gEDA/gafrc]
Read local gafrc file [/home/ram/git/friata/gafrc]
Read system-gschemrc file [/etc/gEDA/system-gschemrc]
Did not find optional ~/.gEDA/gschemrc file [/home/ram/.gEDA/gschemrc]
Did not find optional local gschemrc file [/home/ram/git/friata/gschemrc]
Read init scm file [/usr/share/gEDA/scheme/gschem.scm]
Loading schematic [/home/ram/git/friata/friata-cpu-3.sch]
RC file [/home/ram/git/friata/gafrc] already read in.
Library name [sym] already in use.  Using [sym<1>].
Read specified gafrc file [/home/ram/git/friata/gafrc]
More than one component found with name [capacitor-h-1.sym]
More than one component found with name [gnd-1.sym]
More than one component found with name [1V8-plus.sym]
More than one component found with name [3V3-plus.sym]
More than one component found with name [capacitor-h-1.sym]
More than one component found with name [capacitor-h-1.sym]
More than one component found with name [capacitor-h-1.sym]
More than one component found with name [capacitor-h-1.sym]
More than one component found with name [capacitor-h-1.sym]
More than one component found with name [capacitor-h-1.sym]
More than one component found with name [capacitor-h-1.sym]
More than one component found with name [capacitor-h-1.sym]
More than one component found with name [capacitor-h-1.sym]
More than one component found with name [capacitor-h-1.sym]
More than one component found with name [capacitor-h-1.sym]
More than one component found with name [capacitor-h-2.sym]
More than one component found with name [capacitor-h-2.sym]
More than one component found with name [capacitor-h-2.sym]
More than one component found with name [gnd-1.sym]
More than one component found with name [3V3-plus.sym]
More than one component found with name [capacitor-h-1.sym]
More than one component found with name [capacitor-h-1.sym]
More than one component found with name [capacitor-h-1.sym]
More than one component found with name [capacitor-h-1.sym]
More than one component found with name [capacitor-h-1.sym]
More than one component found with name [1V8-plus.sym]
More than one component found with name [gnd-1.sym]
More than one component found with name [capacitor-h-1.sym]
More than one component found with name [capacitor-h-1.sym]
More than one component found with name [1V8-plus.sym]
More than one component found with name [gnd-1.sym]
More than one component found with name [3V3-plus.sym]
More than one component found with name [ferrite-1.sym]
More than one component found with name [capacitor-v-1.sym]
More than one component found with name [capacitor-v-2.sym]
More than one component found with name [gnd-1.sym]
More than one component found with name [capacitor-v-1.sym]
More than one component found with name [capacitor-v-2.sym]
More than one component found with name [gnd-1.sym]
More than one component found with name [AT91-SAM9260-PQFP-pwr.sym]
More than one component found with name [1V8-plus.sym]
RC file [/home/ram/git/friata/gafrc] already read in.
More than one component found with name [gnd-1.sym]
More than one component found with name [3V3-plus.sym]
More than one component found with name [jumper-2pin-1.sym]
More than one component found with name [crystal-1.sym]
More than one component found with name [crystal-1.sym]
More than one component found with name [gnd-1.sym]
More than one component found with name [gnd-1.sym]
More than one component found with name [gnd-1.sym]
More than one component found with name [resistor-h-1.sym]
More than one component found with name [capacitor-h-1.sym]
More than one component found with name [capacitor-h-1.sym]
More than one component found with name [capacitor-h-1.sym]
More than one component found with name [capacitor-h-1.sym]
More than one component found with name [capacitor-h-1.sym]
More than one component found with name [capacitor-h-1.sym]
More than one component found with name [resistor-h-1.sym]
More than one component found with name [resistor-h-1.sym]
More than one component found with name [AT91-SAM9260-PQFP-clk.sym]
More than one component found with name [AT91-SAM9260-PQFP-boot.sym]
More than one component found with name [AT91-SAM9260-PQFP-jtag.sym]
More than one component found with name [1V8-plus.sym]
More than one component found with name [resistor-h-1.sym]
More than one component found with name [resistor-h-1.sym]
RC file [/home/ram/git/friata/gafrc] already read in.
More than one component found with name [gnd-1.sym]
More than one component found with name [3V3-plus.sym]
More than one component found with name [jumper-2pin-1.sym]
More than one component found with name [crystal-1.sym]
More than one component found with name [crystal-1.sym]
More than one component found with name [gnd-1.sym]
More than one component found with name [gnd-1.sym]
More than one component found with name [gnd-1.sym]
More than one component found with name [resistor-h-1.sym]
More than one component found with name [capacitor-h-1.sym]
More than one component found with name [capacitor-h-1.sym]
More than one component found with name [capacitor-h-1.sym]
More than one component found with name [capacitor-h-1.sym]
More than one component found with name [capacitor-h-1.sym]
More than one component found with name [capacitor-h-1.sym]
More than one component found with name [resistor-h-1.sym]
More than one component found with name [resistor-h-1.sym]
More than one component found with name [AT91-SAM9260-PQFP-clk.sym]
More than one component found with name [AT91-SAM9260-PQFP-boot.sym]
More than one component found with name [AT91-SAM9260-PQFP-jtag.sym]
More than one component found with name [1V8-plus.sym]
More than one component found with name [resistor-h-1.sym]
More than one component found with name [resistor-h-1.sym]
Loading schematic [/home/ram/git/friata/friata-cpu-2.sch]
RC file [/home/ram/git/friata/gafrc] already read in.
More than one component found with name [gnd-1.sym]
More than one component found with name [3V3-plus.sym]
More than one component found with name [jumper-2pin-1.sym]
More than one component found with name [crystal-1.sym]
More than one component found with name [crystal-1.sym]
More than one component found with name [gnd-1.sym]
More than one component found with name [gnd-1.sym]
More than one component found with name [gnd-1.sym]
More than one component found with name [resistor-h-1.sym]
More than one component found with name [capacitor-h-1.sym]
More than one component found with name [capacitor-h-1.sym]
More than one component found with name [capacitor-h-1.sym]
More than one component found with name [capacitor-h-1.sym]
More than one component found with name [capacitor-h-1.sym]
More than one component found with name [capacitor-h-1.sym]
More than one component found with name [resistor-h-1.sym]
More than one component found with name [resistor-h-1.sym]
More than one component found with name [AT91-SAM9260-PQFP-clk.sym]
More than one component found with name [AT91-SAM9260-PQFP-boot.sym]
More than one component found with name [AT91-SAM9260-PQFP-jtag.sym]
More than one component found with name [1V8-plus.sym]
More than one component found with name [resistor-h-1.sym]
More than one component found with name [resistor-h-1.sym]
Saved [/home/ram/git/friata/friata-cpu-2.sch]
Saved [/home/ram/git/friata/friata-cpu-2.sch]
Saved [/home/ram/git/friata/friata-cpu-2.sch]
Saved [/home/ram/git/friata/friata-cpu-2.sch]
Saved [/home/ram/git/friata/friata-cpu-2.sch]
Saved [/home/ram/git/friata/friata-cpu-2.sch]
Saved [/home/ram/git/friata/friata-cpu-2.sch]
Saved [/home/ram/git/friata/friata-cpu-2.sch]
Saved [/home/ram/git/friata/friata-cpu-2.sch]
Saved [/home/ram/git/friata/friata-cpu-2.sch]
Saved [/home/ram/git/friata/friata-cpu-2.sch]
Saved [/home/ram/git/friata/friata-cpu-2.sch]
Saved [/home/ram/git/friata/friata-cpu-2.sch]
Saved [/home/ram/git/friata/friata-cpu-2.sch]
Saved [/home/ram/git/friata/friata-cpu-2.sch]
Saved [/home/ram/git/friata/friata-cpu-2.sch]
Saved [/home/ram/git/friata/friata-cpu-2.sch]
Saved [/home/ram/git/friata/friata-cpu-2.sch]
